<?xml version="1.0" encoding="UTF-8"?>
<testng-results ignored="0" total="1" passed="1" failed="0" skipped="0">
  <reporter-output>
  </reporter-output>
  <suite started-at="2020-01-06T21:19:04 AEDT" name="Command line suite" finished-at="2020-01-06T21:19:19 AEDT" duration-ms="14915">
    <groups>
    </groups>
    <test started-at="2020-01-06T21:19:04 AEDT" name="Command line test" finished-at="2020-01-06T21:19:19 AEDT" duration-ms="14915">
      <class name="com.hameed.Java_calculator.SampleSeleniumTest">
        <test-method is-config="true" signature="startBrowser()[pri:0, instance:com.hameed.Java_calculator.SampleSeleniumTest@12c8a2c0]" started-at="2020-01-06T21:19:04 AEDT" name="startBrowser" finished-at="2020-01-06T21:19:11 AEDT" duration-ms="7170" status="PASS">
          <reporter-output>
          </reporter-output>
        </test-method> <!-- startBrowser -->
        <test-method signature="validateGoogleId()[pri:0, instance:com.hameed.Java_calculator.SampleSeleniumTest@12c8a2c0]" started-at="2020-01-06T21:19:11 AEDT" name="validateGoogleId" finished-at="2020-01-06T21:19:18 AEDT" duration-ms="6871" status="PASS">
          <reporter-output>
          </reporter-output>
        </test-method> <!-- validateGoogleId -->
        <test-method is-config="true" signature="closeBrowser()[pri:0, instance:com.hameed.Java_calculator.SampleSeleniumTest@12c8a2c0]" started-at="2020-01-06T21:19:18 AEDT" name="closeBrowser" finished-at="2020-01-06T21:19:19 AEDT" duration-ms="793" status="PASS">
          <reporter-output>
          </reporter-output>
        </test-method> <!-- closeBrowser -->
      </class> <!-- com.hameed.Java_calculator.SampleSeleniumTest -->
    </test> <!-- Command line test -->
  </suite> <!-- Command line suite -->
</testng-results>
